Arguments: 
  /Users/weitao/.nvm/versions/node/v7.2.1/bin/node /usr/local/bin/yarn add lodash

PATH: 
  /Users/weitao/.nvm/versions/node/v7.2.1/bin:/usr/bin:/usr/local/bin:/bin:/usr/sbin:/sbin

Yarn version: 
  0.17.10

Node version: 
  7.2.1

Platform: 
  darwin x64

npm manifest: 
  {
    "name": "mypage",
    "version": "0.1.0",
    "private": true,
    "devDependencies": {
      "babel-plugin-import": "^1.1.0",
      "react-router": "^3.0.0",
      "react-scripts": "0.8.4"
    },
    "dependencies": {
      "antd": "^2.5.2",
      "react": "^15.4.1",
      "react-dom": "^15.4.1",
      "react-redux": "^4.4.6",
      "redux": "^3.6.0"
    },
    "scripts": {
      "start": "react-scripts start",
      "build": "react-scripts build",
      "test": "react-scripts test --env=jsdom",
      "eject": "react-scripts eject"
    }
  }

yarn manifest: 
  No manifest

Lockfile: 
  No lockfile

Trace: 
  Error: read ETIMEDOUT
      at exports._errnoException (util.js:1022:11)
      at TLSWrap.onread (net.js:572:26)
